projects/android/quotation-app-v1/proguard.cfg
-dontwarn android.support.v4.**
-keep class android.support.v4.app.** { *; }
-keep interface android.support.v4.app.** { *; }
-keep class com.actionbarsherlock.** { *; }
-keep interface com.actionbarsherlock.** { *; }

-keep class org.bwgz.** { *; }
-keep interface org.bwgz.** { *; }

-dontwarn com.google.common.collect.MinMaxPriorityQueue

-keep,allowoptimization class com.google.inject.** { *; }
-keep,allowoptimization class javax.inject.** { *; }
-keep,allowoptimization class javax.annotation.** { *; }
-keep,allowoptimization class com.google.inject.Binder

-keepclasseswithmembers public class * {
    public static void main(java.lang.String[]);
}

-keepclassmembers,allowoptimization class com.google.common.* {
    void finalizeReferent();
    void startFinalizer(java.lang.Class,java.lang.Object);
}

-dontpreverify
-repackageclasses ''
-allowaccessmodification
-optimizations !code/simplification/arithmetic,!field/*,!class/merging/*
-keepattributes *Annotation*

-keep public class * extends android.app.Activity
-keep public class * extends android.app.Application
-keep public class * extends android.app.Service
-keep public class * extends android.content.BroadcastReceiver
-keep public class * extends android.content.ContentProvider

-keep public class * extends android.view.View {
    public <init>(android.content.Context);
    public <init>(android.content.Context, android.util.AttributeSet);
    public <init>(android.content.Context, android.util.AttributeSet, int);
    public void set*(...);
}

-keepclasseswithmembers class * {
    public <init>(android.content.Context, android.util.AttributeSet);
}

-keepclasseswithmembers class * {
    public <init>(android.content.Context, android.util.AttributeSet, int);
}

-keepclassmembers class * extends android.content.Context {
   public void *(android.view.View);
   public void *(android.view.MenuItem);
}

-keepclassmembers class * implements android.os.Parcelable {
    static android.os.Parcelable$Creator CREATOR;
}

-keepclassmembers class **.R$* {
    public static <fields>;
}

-libraryjars C:/Users/bruce/.m2/repository/com/google/code/findbugs/jsr305/1.3.9/jsr305-1.3.9.jar
-libraryjars C:/Users/bruce/.m2/repository/javax/inject/javax.inject/1/javax.inject-1.jar

-dontwarn sun.misc.Unsafe

# Needed to keep generic types and @Key annotations accessed via reflection

-keepattributes Signature,RuntimeVisibleAnnotations,AnnotationDefault

-keepclassmembers class * {
  @com.google.api.client.util.Key <fields>;
}

# Preserve the special static methods that are required in all enumeration classes.
-keepclassmembers enum * {
    public static **[] values();
    public static ** valueOf(java.lang.String);
}

-keep public class * {
    public protected *;
}

-keepclassmembers enum * {
    public static **[] values();
    public static ** valueOf(java.lang.String);
}

-keepclassmembernames class * {
    java.lang.Class class$(java.lang.String);
    java.lang.Class class$(java.lang.String, boolean);
}

-keepclasseswithmembernames class * {
    native <methods>;
}

-keepclassmembers class * implements java.io.Serializable {
    static final long serialVersionUID;
    private static final java.io.ObjectStreamField[] serialPersistentFields;
    private void writeObject(java.io.ObjectOutputStream);
    private void readObject(java.io.ObjectInputStream);
    java.lang.Object writeReplace();
    java.lang.Object readResolve();
}

# Needed by google-http-client-android when linking against an older platform version

-dontwarn com.google.api.client.extensions.android.**

# Needed by google-api-client-android when linking against an older platform version

-dontwarn com.google.api.client.googleapis.extensions.android.**
-dontwarn com.google.common.collect.** 

-assumenosideeffects class android.util.Log {
    public static *** d(...);
    public static *** v(...);
}

-dontwarn org.w3c.dom.bootstrap.DOMImplementationRegistry