projects/android/quotation-app-v1/proguard/seeds.txt
android.support.v4.app.ActivityOptionsCompat
android.support.v4.app.ActivityOptionsCompat: android.support.v4.app.ActivityOptionsCompat makeCustomAnimation(android.content.Context,int,int)
android.support.v4.app.ActivityOptionsCompat: android.support.v4.app.ActivityOptionsCompat makeScaleUpAnimation(android.view.View,int,int,int,int)
android.support.v4.app.ActivityOptionsCompat: android.support.v4.app.ActivityOptionsCompat makeThumbnailScaleUpAnimation(android.view.View,android.graphics.Bitmap,int,int)
android.support.v4.app.ActivityOptionsCompat: ActivityOptionsCompat()
android.support.v4.app.ActivityOptionsCompat: android.os.Bundle toBundle()
android.support.v4.app.ActivityOptionsCompat: void update(android.support.v4.app.ActivityOptionsCompat)
android.support.v4.app.ActivityOptionsCompat$ActivityOptionsImplJB
android.support.v4.app.ActivityOptionsCompat$ActivityOptionsImplJB: android.support.v4.app.ActivityOptionsCompatJB mImpl
android.support.v4.app.ActivityOptionsCompat$ActivityOptionsImplJB: ActivityOptionsCompat$ActivityOptionsImplJB(android.support.v4.app.ActivityOptionsCompatJB)
android.support.v4.app.ActivityOptionsCompat$ActivityOptionsImplJB: android.os.Bundle toBundle()
android.support.v4.app.ActivityOptionsCompat$ActivityOptionsImplJB: void update(android.support.v4.app.ActivityOptionsCompat)
android.support.v4.app.ActivityOptionsCompatJB
android.support.v4.app.ActivityOptionsCompatJB: android.app.ActivityOptions mActivityOptions
android.support.v4.app.ActivityOptionsCompatJB: android.support.v4.app.ActivityOptionsCompatJB makeCustomAnimation(android.content.Context,int,int)
android.support.v4.app.ActivityOptionsCompatJB: android.support.v4.app.ActivityOptionsCompatJB makeScaleUpAnimation(android.view.View,int,int,int,int)
android.support.v4.app.ActivityOptionsCompatJB: android.support.v4.app.ActivityOptionsCompatJB makeThumbnailScaleUpAnimation(android.view.View,android.graphics.Bitmap,int,int)
android.support.v4.app.ActivityOptionsCompatJB: ActivityOptionsCompatJB(android.app.ActivityOptions)
android.support.v4.app.ActivityOptionsCompatJB: android.os.Bundle toBundle()
android.support.v4.app.ActivityOptionsCompatJB: void update(android.support.v4.app.ActivityOptionsCompatJB)
android.support.v4.app.BackStackRecord
android.support.v4.app.BackStackRecord: java.lang.String TAG
android.support.v4.app.BackStackRecord: android.support.v4.app.FragmentManagerImpl mManager
android.support.v4.app.BackStackRecord: int OP_NULL
android.support.v4.app.BackStackRecord: int OP_ADD
android.support.v4.app.BackStackRecord: int OP_REPLACE
android.support.v4.app.BackStackRecord: int OP_REMOVE
android.support.v4.app.BackStackRecord: int OP_HIDE
android.support.v4.app.BackStackRecord: int OP_SHOW
android.support.v4.app.BackStackRecord: int OP_DETACH
android.support.v4.app.BackStackRecord: int OP_ATTACH
android.support.v4.app.BackStackRecord: android.support.v4.app.BackStackRecord$Op mHead
android.support.v4.app.BackStackRecord: android.support.v4.app.BackStackRecord$Op mTail
android.support.v4.app.BackStackRecord: int mNumOp
android.support.v4.app.BackStackRecord: int mEnterAnim
android.support.v4.app.BackStackRecord: int mExitAnim
android.support.v4.app.BackStackRecord: int mPopEnterAnim
android.support.v4.app.BackStackRecord: int mPopExitAnim
android.support.v4.app.BackStackRecord: int mTransition
android.support.v4.app.BackStackRecord: int mTransitionStyle
android.support.v4.app.BackStackRecord: boolean mAddToBackStack
android.support.v4.app.BackStackRecord: boolean mAllowAddToBackStack
android.support.v4.app.BackStackRecord: java.lang.String mName
android.support.v4.app.BackStackRecord: boolean mCommitted
android.support.v4.app.BackStackRecord: int mIndex