projects/android/quotation-app-v1/proguard/mapping.txt
com.google.common.util.concurrent.AbstractScheduledService$CustomScheduler$Schedule -> com.google.common.util.concurrent.AbstractScheduledService$CustomScheduler$Schedule:
    long delay -> a
    java.util.concurrent.TimeUnit unit -> b
com.google.common.util.concurrent.AbstractScheduledService$Scheduler -> com.google.common.util.concurrent.AbstractScheduledService$Scheduler:
    com.google.common.util.concurrent.AbstractScheduledService$Scheduler newFixedDelaySchedule(long,long,java.util.concurrent.TimeUnit) -> newFixedDelaySchedule
    com.google.common.util.concurrent.AbstractScheduledService$Scheduler newFixedRateSchedule(long,long,java.util.concurrent.TimeUnit) -> newFixedRateSchedule
    java.util.concurrent.Future schedule$6e26a758(java.util.concurrent.ScheduledExecutorService,java.lang.Runnable) -> a
com.google.common.util.concurrent.AbstractScheduledService$Scheduler$1 -> DJ:
    long val$initialDelay -> a
    long val$delay -> b
    java.util.concurrent.TimeUnit val$unit -> c
    java.util.concurrent.Future schedule$6e26a758(java.util.concurrent.ScheduledExecutorService,java.lang.Runnable) -> a
com.google.common.util.concurrent.AbstractScheduledService$Scheduler$2 -> DK:
    long val$initialDelay -> a
    long val$period -> b
    java.util.concurrent.TimeUnit val$unit -> c
    java.util.concurrent.Future schedule$6e26a758(java.util.concurrent.ScheduledExecutorService,java.lang.Runnable) -> a
com.google.common.util.concurrent.AbstractService -> com.google.common.util.concurrent.AbstractService:
    com.google.common.util.concurrent.Monitor monitor -> a
    com.google.common.util.concurrent.AbstractService$Transition startup -> b
    com.google.common.util.concurrent.AbstractService$Transition shutdown -> c
    com.google.common.util.concurrent.Monitor$Guard isStartable -> d
    com.google.common.util.concurrent.Monitor$Guard isStoppable -> e
    com.google.common.util.concurrent.Monitor$Guard hasReachedRunning -> f
    com.google.common.util.concurrent.Monitor$Guard isStopped -> g
    java.util.List listeners -> h
    com.google.common.util.concurrent.ExecutionQueue queuedListeners -> i
    com.google.common.util.concurrent.AbstractService$StateSnapshot snapshot -> j
    void doStart() -> doStart
    void doStop() -> doStop
    com.google.common.util.concurrent.Service startAsync() -> startAsync
    com.google.common.util.concurrent.ListenableFuture start() -> start
    com.google.common.util.concurrent.Service stopAsync() -> stopAsync
    com.google.common.util.concurrent.ListenableFuture stop() -> stop
    com.google.common.util.concurrent.Service$State startAndWait() -> startAndWait
    com.google.common.util.concurrent.Service$State stopAndWait() -> stopAndWait
    void awaitRunning() -> awaitRunning
    void awaitRunning(long,java.util.concurrent.TimeUnit) -> awaitRunning
    void awaitTerminated() -> awaitTerminated
com.google.common.util.concurrent.AbstractService$1 -> DL:
    com.google.common.util.concurrent.AbstractService this$0 -> a
    boolean isSatisfied() -> isSatisfied
com.google.common.util.concurrent.AbstractService$10 -> DM:
    com.google.common.util.concurrent.AbstractService$ListenerExecutorPair val$pair -> a
    com.google.common.util.concurrent.Service$State val$from -> b
    java.lang.Throwable val$cause -> c
    com.google.common.util.concurrent.AbstractService this$0 -> d
    void run() -> run
com.google.common.util.concurrent.AbstractService$11 -> DN:
    int[] $SwitchMap$com$google$common$util$concurrent$Service$State -> a
com.google.common.util.concurrent.AbstractService$2 -> DO:
    com.google.common.util.concurrent.AbstractService this$0 -> a
    boolean isSatisfied() -> isSatisfied
com.google.common.util.concurrent.AbstractService$3 -> DP:
    com.google.common.util.concurrent.AbstractService this$0 -> a
    boolean isSatisfied() -> isSatisfied