projects/android/quotation-app-v1/proguard/usage.txt
com.google.common.collect.BinaryTreeTraverser$PreOrderIterator
com.google.common.collect.BoundType:
    abstract com.google.common.collect.BoundType flip()
com.google.common.collect.BoundType$1:
    34:34:com.google.common.collect.BoundType flip()
com.google.common.collect.BoundType$2:
    43:43:com.google.common.collect.BoundType flip()
com.google.common.collect.CartesianList:
    40:49:static java.util.List create(java.util.List)
com.google.common.collect.CollectPreconditions:
    27:27:CollectPreconditions()
com.google.common.collect.ConcurrentHashMultiset$FieldSettersHolder:
    74:74:private ConcurrentHashMultiset$FieldSettersHolder()
com.google.common.collect.FluentIterable$FromIterableFunction
com.google.common.collect.ForwardingImmutableCollection
com.google.common.collect.ForwardingImmutableList
com.google.common.collect.ForwardingImmutableMap
com.google.common.collect.ForwardingImmutableSet
com.google.common.collect.ForwardingMap$StandardEntrySet:
    262:262:java.util.Map map()
com.google.common.collect.ForwardingSortedMultiset$StandardDescendingMultiset:
    102:102:com.google.common.collect.SortedMultiset forwardMultiset()
com.google.common.collect.GeneralRange:
    private transient com.google.common.collect.GeneralRange reverse
    46:52:static com.google.common.collect.GeneralRange from(com.google.common.collect.Range)
    87:87:static com.google.common.collect.GeneralRange range(java.util.Comparator,java.lang.Object,com.google.common.collect.BoundType,java.lang.Object,com.google.common.collect.BoundType)
    141:141:boolean isEmpty()
    244:252:com.google.common.collect.GeneralRange reverse()
com.google.common.collect.GenericMapMaker:
    abstract com.google.common.collect.GenericMapMaker keyEquivalence(com.google.common.base.Equivalence)
    abstract com.google.common.collect.GenericMapMaker maximumSize(int)
    abstract com.google.common.collect.GenericMapMaker expireAfterWrite(long,java.util.concurrent.TimeUnit)
    abstract com.google.common.collect.GenericMapMaker expireAfterAccess(long,java.util.concurrent.TimeUnit)
    abstract com.google.common.collect.MapMakerInternalMap makeCustomMap()
    abstract java.util.concurrent.ConcurrentMap makeComputingMap(com.google.common.base.Function)
com.google.common.collect.GwtTransient
com.google.common.collect.HashBiMap:
    private static final double LOAD_FACTOR
com.google.common.collect.HashMultimap:
    private static final int DEFAULT_VALUES_PER_KEY
com.google.common.collect.Hashing:
    private static final int C1
    private static final int C2
    33:33:private Hashing()
com.google.common.collect.ImmutableCollection$Builder:
    static final int DEFAULT_INITIAL_CAPACITY
com.google.common.collect.ImmutableMapEntry$TerminalEntry:
    53:54:ImmutableMapEntry$TerminalEntry(com.google.common.collect.ImmutableMapEntry)
com.google.common.collect.ImmutableMultimap$FieldSettersHolder:
    308:308:ImmutableMultimap$FieldSettersHolder()
com.google.common.collect.ImmutableSet:
    static final int MAX_TABLE_SIZE
    private static final double DESIRED_LOAD_FACTOR
    private static final int CUTOFF
com.google.common.collect.LinkedHashMultimap:
    private static final int DEFAULT_KEY_CAPACITY
    private static final int DEFAULT_VALUE_SET_CAPACITY
    static final double VALUE_SET_LOAD_FACTOR
com.google.common.collect.Lists:
    409:409:static java.util.List cartesianProduct(java.util.List)
    469:469:static varargs java.util.List cartesianProduct(java.util.List[])
com.google.common.collect.Lists$1:
    private static final long serialVersionUID
com.google.common.collect.Lists$2:
    private static final long serialVersionUID